SF:lib\utils.dart
DA:6,1
DA:7,2
DA:8,2
DA:15,1
DA:16,2
DA:19,1
DA:24,6
DA:25,12
DA:26,1
DA:33,5
DA:34,5
DA:39,6
DA:40,12
DA:45,1
DA:46,1
DA:50,2
DA:51,4
DA:52,2
DA:54,8
DA:55,2
DA:56,4
DA:57,12
DA:58,2
DA:64,2
DA:66,4
DA:67,2
DA:69,2
DA:70,6
DA:71,8
DA:72,8
DA:74,4
DA:75,4
DA:82,1
DA:84,1
LF:34
LH:34
end_of_record
SF:lib\crypto\address.dart
DA:9,0
DA:10,0
DA:11,0
DA:14,0
DA:15,0
DA:22,1
DA:23,1
DA:24,1
DA:32,1
DA:33,1
DA:35,1
DA:37,1
DA:39,2
DA:44,1
DA:45,1
DA:47,1
DA:48,1
DA:52,1
DA:53,2
DA:54,1
DA:55,1
DA:56,1
DA:58,1
DA:61,3
DA:63,4
DA:64,4
DA:66,3
LF:27
LH:22
end_of_record
SF:lib\crypto\blake2b.dart
DA:5,1
DA:6,1
DA:8,2
DA:9,2
DA:11,1
DA:12,1
LF:6
LH:6
end_of_record
SF:lib\crypto\keccak.dart
DA:4,3
DA:5,3
DA:6,3
DA:7,6
DA:8,6
DA:10,3
DA:11,3
LF:7
LH:7
end_of_record
SF:lib\crypto\secp256k1.dart
DA:9,3
DA:16,1
DA:17,1
DA:18,2
DA:22,2
DA:26,2
DA:36,1
DA:37,2
DA:41,1
DA:42,1
DA:43,1
DA:49,1
DA:50,3
DA:52,3
DA:58,1
DA:59,2
DA:63,2
DA:64,2
DA:66,2
DA:69,1
DA:70,1
DA:72,1
LF:22
LH:22
end_of_record
SF:lib\crypto\thor_signature.dart
DA:9,2
DA:12,1
DA:15,2
DA:16,1
DA:19,2
DA:20,2
DA:23,2
DA:24,2
DA:30,1
DA:31,3
DA:32,3
DA:33,2
DA:36,3
DA:38,3
LF:14
LH:14
end_of_record
SF:lib\crypto\hd_node.dart
DA:27,6
DA:28,3
DA:29,3
DA:30,0
DA:32,2
DA:35,1
DA:36,1
DA:37,1
DA:38,1
DA:42,2
DA:43,2
DA:44,0
DA:46,2
DA:47,2
DA:48,2
DA:49,2
DA:54,2
DA:55,6
DA:59,1
DA:60,1
DA:63,1
DA:64,2
DA:66,1
DA:67,1
DA:68,1
DA:71,5
DA:73,4
DA:74,1
DA:78,1
DA:79,1
DA:81,1
DA:83,1
DA:85,4
DA:87,5
DA:89,4
DA:90,1
LF:36
LH:34
end_of_record
SF:lib\crypto\mnemonic.dart
DA:7,3
DA:17,1
DA:18,2
DA:19,1
DA:21,1
DA:23,1
DA:27,2
DA:28,4
DA:32,2
DA:33,6
DA:37,1
DA:38,3
LF:12
LH:12
end_of_record
SF:lib\crypto\keystore.dart
DA:7,1
DA:8,1
DA:9,1
DA:11,1
DA:13,1
DA:17,1
DA:18,1
DA:19,1
DA:21,1
LF:9
LH:9
end_of_record
